<?xml version="1.0" encoding="UTF-8"?>
<testsuite name="CalculadoraTest" tests="2" skipped="0" failures="0" errors="0" timestamp="2024-01-28T21:04:43" hostname="JULIO" time="0.021">
  <properties/>
  <testcase name="restar()" classname="CalculadoraTest" time="0.019"/>
  <testcase name="sumar()" classname="CalculadoraTest" time="0.001"/>
  <system-out><![CDATA[comenzando el test
tercminando el test
comenzando el test
tercminando el test
]]></system-out>
  <system-err><![CDATA[]]></system-err>
</testsuite>
